<?xml version="1.0" encoding="UTF-8"?>
<!-- Generated by org.testng.reporters.JUnitXMLReporter -->
<testsuite ignored="0" hostname="DESKTOP-9K1R8FQ" failures="0" tests="3" name="Default test" time="7.992" errors="0" timestamp="15 Jan 2024 07:14:10 GMT">
  <testcase classname="websiteTest" name="WebsiteHomeTitle" time="4.702"/>
  <testcase classname="websiteTest" name="headersTestMenu1" time="1.08"/>
  <testcase classname="websiteTest" name="headersTestMenu2" time="0.276"/>
</testsuite> <!-- Default test -->
