<?xml version="1.0" encoding="UTF-8"?>
<testng-results ignored="0" total="3" passed="3" failed="0" skipped="0">
  <reporter-output>
  </reporter-output>
  <suite started-at="2024-01-15T07:31:46Z" name="Default suite" finished-at="2024-01-15T07:31:57Z" duration-ms="10506">
    <groups>
    </groups>
    <test started-at="2024-01-15T07:31:46Z" name="Default test" finished-at="2024-01-15T07:31:57Z" duration-ms="10506">
      <class name="websiteTest">
        <test-method is-config="true" signature="setupClass()[pri:0, instance:websiteTest@15ff3e9e]" started-at="2024-01-15T07:31:46Z" name="setupClass" finished-at="2024-01-15T07:31:48Z" duration-ms="1902" status="PASS">
          <reporter-output>
          </reporter-output>
        </test-method> <!-- setupClass -->
        <test-method signature="WebsiteHomeTitle()[pri:0, instance:websiteTest@15ff3e9e]" started-at="2024-01-15T07:31:48Z" name="WebsiteHomeTitle" finished-at="2024-01-15T07:31:56Z" duration-ms="7195" status="PASS">
          <reporter-output>
          </reporter-output>
        </test-method> <!-- WebsiteHomeTitle -->
        <test-method signature="headersTestMenu1()[pri:0, instance:websiteTest@15ff3e9e]" started-at="2024-01-15T07:31:56Z" name="headersTestMenu1" finished-at="2024-01-15T07:31:56Z" duration-ms="922" status="PASS">
          <reporter-output>
          </reporter-output>
        </test-method> <!-- headersTestMenu1 -->
        <test-method signature="headersTestMenu2()[pri:0, instance:websiteTest@15ff3e9e]" started-at="2024-01-15T07:31:56Z" name="headersTestMenu2" finished-at="2024-01-15T07:31:57Z" duration-ms="289" status="PASS">
          <reporter-output>
          </reporter-output>
        </test-method> <!-- headersTestMenu2 -->
        <test-method is-config="true" signature="teardown()[pri:0, instance:websiteTest@15ff3e9e]" started-at="2024-01-15T07:31:57Z" name="teardown" finished-at="2024-01-15T07:31:57Z" duration-ms="186" status="PASS">
          <reporter-output>
          </reporter-output>
        </test-method> <!-- teardown -->
      </class> <!-- websiteTest -->
    </test> <!-- Default test -->
  </suite> <!-- Default suite -->
</testng-results>
