<?xml version="1.0" encoding="UTF-8"?>
<testng-results ignored="0" total="3" passed="3" failed="0" skipped="0">
  <reporter-output>
  </reporter-output>
  <suite started-at="2024-01-15T07:14:02Z" name="Default suite" finished-at="2024-01-15T07:14:10Z" duration-ms="7992">
    <groups>
    </groups>
    <test started-at="2024-01-15T07:14:02Z" name="Default test" finished-at="2024-01-15T07:14:10Z" duration-ms="7992">
      <class name="websiteTest">
        <test-method is-config="true" signature="setupClass()[pri:0, instance:websiteTest@32eff876]" started-at="2024-01-15T07:14:02Z" name="setupClass" finished-at="2024-01-15T07:14:04Z" duration-ms="1731" status="PASS">
          <reporter-output>
          </reporter-output>
        </test-method> <!-- setupClass -->
        <test-method signature="WebsiteHomeTitle()[pri:0, instance:websiteTest@32eff876]" started-at="2024-01-15T07:14:04Z" name="WebsiteHomeTitle" finished-at="2024-01-15T07:14:08Z" duration-ms="4702" status="PASS">
          <reporter-output>
          </reporter-output>
        </test-method> <!-- WebsiteHomeTitle -->
        <test-method signature="headersTestMenu1()[pri:0, instance:websiteTest@32eff876]" started-at="2024-01-15T07:14:08Z" name="headersTestMenu1" finished-at="2024-01-15T07:14:09Z" duration-ms="1080" status="PASS">
          <reporter-output>
          </reporter-output>
        </test-method> <!-- headersTestMenu1 -->
        <test-method signature="headersTestMenu2()[pri:0, instance:websiteTest@32eff876]" started-at="2024-01-15T07:14:09Z" name="headersTestMenu2" finished-at="2024-01-15T07:14:10Z" duration-ms="276" status="PASS">
          <reporter-output>
          </reporter-output>
        </test-method> <!-- headersTestMenu2 -->
        <test-method is-config="true" signature="teardown()[pri:0, instance:websiteTest@32eff876]" started-at="2024-01-15T07:14:10Z" name="teardown" finished-at="2024-01-15T07:14:10Z" duration-ms="188" status="PASS">
          <reporter-output>
          </reporter-output>
        </test-method> <!-- teardown -->
      </class> <!-- websiteTest -->
    </test> <!-- Default test -->
  </suite> <!-- Default suite -->
</testng-results>
